C:\USERS\AOISENSI\DOCUMENTS\VISUAL STUDIO 2010\3DENGINE\IRISLAEVIGATAENGINE\DEBUG\IRISLAEVIGATAENGINE.LIB
C:\Users\aoisensi\Documents\Visual Studio 2010\3DEngine\IrisLaevigataEngine\IrisLaevigataEngine\Debug\cl.command.1.tlog
C:\Users\aoisensi\Documents\Visual Studio 2010\3DEngine\IrisLaevigataEngine\IrisLaevigataEngine\Debug\CL.read.1.tlog
C:\Users\aoisensi\Documents\Visual Studio 2010\3DEngine\IrisLaevigataEngine\IrisLaevigataEngine\Debug\CL.write.1.tlog
C:\USERS\AOISENSI\DOCUMENTS\VISUAL STUDIO 2010\3DENGINE\IRISLAEVIGATAENGINE\IRISLAEVIGATAENGINE\DEBUG\ILBALL.OBJ
C:\USERS\AOISENSI\DOCUMENTS\VISUAL STUDIO 2010\3DENGINE\IRISLAEVIGATAENGINE\IRISLAEVIGATAENGINE\DEBUG\ILBITMAP.OBJ
C:\USERS\AOISENSI\DOCUMENTS\VISUAL STUDIO 2010\3DENGINE\IRISLAEVIGATAENGINE\IRISLAEVIGATAENGINE\DEBUG\ILCAMERA.OBJ
C:\USERS\AOISENSI\DOCUMENTS\VISUAL STUDIO 2010\3DENGINE\IRISLAEVIGATAENGINE\IRISLAEVIGATAENGINE\DEBUG\ILCOLOR.OBJ
C:\USERS\AOISENSI\DOCUMENTS\VISUAL STUDIO 2010\3DENGINE\IRISLAEVIGATAENGINE\IRISLAEVIGATAENGINE\DEBUG\ILDIRECTION.OBJ
C:\USERS\AOISENSI\DOCUMENTS\VISUAL STUDIO 2010\3DENGINE\IRISLAEVIGATAENGINE\IRISLAEVIGATAENGINE\DEBUG\ILELLIPSOID.OBJ
C:\USERS\AOISENSI\DOCUMENTS\VISUAL STUDIO 2010\3DENGINE\IRISLAEVIGATAENGINE\IRISLAEVIGATAENGINE\DEBUG\ILFLAT.OBJ
C:\USERS\AOISENSI\DOCUMENTS\VISUAL STUDIO 2010\3DENGINE\IRISLAEVIGATAENGINE\IRISLAEVIGATAENGINE\DEBUG\ILLINE.OBJ
C:\USERS\AOISENSI\DOCUMENTS\VISUAL STUDIO 2010\3DENGINE\IRISLAEVIGATAENGINE\IRISLAEVIGATAENGINE\DEBUG\ILMATH.OBJ
C:\USERS\AOISENSI\DOCUMENTS\VISUAL STUDIO 2010\3DENGINE\IRISLAEVIGATAENGINE\IRISLAEVIGATAENGINE\DEBUG\ILRAYTRACING.OBJ
C:\USERS\AOISENSI\DOCUMENTS\VISUAL STUDIO 2010\3DENGINE\IRISLAEVIGATAENGINE\IRISLAEVIGATAENGINE\DEBUG\ILROTATION.OBJ
C:\USERS\AOISENSI\DOCUMENTS\VISUAL STUDIO 2010\3DENGINE\IRISLAEVIGATAENGINE\IRISLAEVIGATAENGINE\DEBUG\ILSEGMENT.OBJ
C:\USERS\AOISENSI\DOCUMENTS\VISUAL STUDIO 2010\3DENGINE\IRISLAEVIGATAENGINE\IRISLAEVIGATAENGINE\DEBUG\ILSEGMENT2.OBJ
C:\USERS\AOISENSI\DOCUMENTS\VISUAL STUDIO 2010\3DENGINE\IRISLAEVIGATAENGINE\IRISLAEVIGATAENGINE\DEBUG\ILSPACE.OBJ
C:\USERS\AOISENSI\DOCUMENTS\VISUAL STUDIO 2010\3DENGINE\IRISLAEVIGATAENGINE\IRISLAEVIGATAENGINE\DEBUG\ILSURFACE.OBJ
C:\USERS\AOISENSI\DOCUMENTS\VISUAL STUDIO 2010\3DENGINE\IRISLAEVIGATAENGINE\IRISLAEVIGATAENGINE\DEBUG\ILVBALL.OBJ
C:\USERS\AOISENSI\DOCUMENTS\VISUAL STUDIO 2010\3DENGINE\IRISLAEVIGATAENGINE\IRISLAEVIGATAENGINE\DEBUG\ILVECTOR.OBJ
C:\USERS\AOISENSI\DOCUMENTS\VISUAL STUDIO 2010\3DENGINE\IRISLAEVIGATAENGINE\IRISLAEVIGATAENGINE\DEBUG\ILVECTOR2.OBJ
C:\USERS\AOISENSI\DOCUMENTS\VISUAL STUDIO 2010\3DENGINE\IRISLAEVIGATAENGINE\IRISLAEVIGATAENGINE\DEBUG\ILVELLIPSOID.OBJ
C:\USERS\AOISENSI\DOCUMENTS\VISUAL STUDIO 2010\3DENGINE\IRISLAEVIGATAENGINE\IRISLAEVIGATAENGINE\DEBUG\ILVSURFACE.OBJ
C:\USERS\AOISENSI\DOCUMENTS\VISUAL STUDIO 2010\3DENGINE\IRISLAEVIGATAENGINE\IRISLAEVIGATAENGINE\DEBUG\ILZBUFFER.OBJ
C:\USERS\AOISENSI\DOCUMENTS\VISUAL STUDIO 2010\3DENGINE\IRISLAEVIGATAENGINE\IRISLAEVIGATAENGINE\DEBUG\IRISLAEVIGATAENGINE.OBJ
C:\Users\aoisensi\Documents\Visual Studio 2010\3DEngine\IrisLaevigataEngine\IrisLaevigataEngine\Debug\lib.command.1.tlog
C:\Users\aoisensi\Documents\Visual Studio 2010\3DEngine\IrisLaevigataEngine\IrisLaevigataEngine\Debug\Lib-link.read.1.tlog
C:\Users\aoisensi\Documents\Visual Studio 2010\3DEngine\IrisLaevigataEngine\IrisLaevigataEngine\Debug\Lib-link.write.1.tlog
C:\Users\aoisensi\Documents\Visual Studio 2010\3DEngine\IrisLaevigataEngine\IrisLaevigataEngine\Debug\vc100.idb
C:\USERS\AOISENSI\DOCUMENTS\VISUAL STUDIO 2010\3DENGINE\IRISLAEVIGATAENGINE\IRISLAEVIGATAENGINE\DEBUG\VC100.PDB
